TN:
SF:backend\app.js
FN:19,(anonymous_0)
FNF:1
FNH:0
FNDA:0,(anonymous_0)
DA:1,1
DA:2,1
DA:3,1
DA:4,1
DA:5,1
DA:7,1
DA:10,1
DA:11,1
DA:12,1
DA:15,1
DA:16,1
DA:19,1
DA:20,0
DA:45,1
DA:46,1
DA:48,1
LF:16
LH:15
BRF:0
BRH:0
end_of_record
TN:
SF:backend\config\config.js
FNF:0
FNH:0
DA:1,1
LF:1
LH:1
BRF:0
BRH:0
end_of_record
TN:
SF:backend\controllers\block.controller.js
FN:3,(anonymous_0)
FN:32,(anonymous_1)
FNF:2
FNH:0
FNDA:0,(anonymous_0)
FNDA:0,(anonymous_1)
DA:1,1
DA:3,1
DA:4,0
DA:5,0
DA:6,0
DA:8,0
DA:9,0
DA:10,0
DA:11,0
DA:13,0
DA:21,0
DA:28,0
DA:32,1
DA:33,0
DA:34,0
DA:38,0
DA:39,0
DA:42,0
DA:44,0
LF:19
LH:3
BRDA:5,0,0,0
BRDA:5,1,0,0
BRDA:9,2,0,0
BRDA:9,2,1,0
BRDA:10,3,0,0
BRDA:10,3,1,0
BRDA:11,4,0,0
BRDA:11,4,1,0
BRDA:38,5,0,0
BRDA:38,5,1,0
BRF:10
BRH:0
end_of_record
TN:
SF:backend\controllers\file.controller.js
FN:13,(anonymous_0)
FN:35,(anonymous_1)
FN:55,(anonymous_2)
FNF:3
FNH:0
FNDA:0,(anonymous_0)
FNDA:0,(anonymous_1)
FNDA:0,(anonymous_2)
DA:1,1
DA:2,1
DA:3,1
DA:4,1
DA:5,1
DA:6,1
DA:8,1
DA:9,1
DA:10,0
DA:13,1
DA:14,0
DA:15,0
DA:16,0
DA:19,0
DA:22,0
DA:23,0
DA:26,0
DA:34,0
DA:35,0
DA:42,0
DA:44,0
DA:50,0
DA:51,0
DA:55,1
DA:56,0
DA:57,0
DA:60,0
DA:62,0
LF:28
LH:10
BRDA:9,0,0,0
BRDA:9,0,1,1
BRDA:15,1,0,0
BRDA:15,1,1,0
BRF:4
BRH:1
end_of_record
TN:
SF:backend\middleware\error.middleware.js
FN:4,(anonymous_0)
FN:11,(anonymous_1)
FNF:2
FNH:0
FNDA:0,(anonymous_0)
FNDA:0,(anonymous_1)
DA:1,1
DA:4,1
DA:5,0
DA:11,1
DA:12,0
DA:15,0
DA:16,0
DA:23,0
DA:24,0
LF:9
LH:3
BRDA:15,0,0,0
BRDA:15,0,1,0
BRDA:23,1,0,0
BRDA:23,1,1,0
BRDA:26,2,0,0
BRDA:26,2,1,0
BRF:6
BRH:0
end_of_record
TN:
SF:backend\models\block.model.js
FN:1,(anonymous_0)
FN:27,(anonymous_1)
FNF:2
FNH:2
FNDA:1,(anonymous_0)
FNDA:1,(anonymous_1)
DA:1,1
DA:2,1
DA:27,1
DA:28,1
DA:34,1
LF:5
LH:5
BRF:0
BRH:0
end_of_record
TN:
SF:backend\models\file.model.js
FN:1,(anonymous_0)
FN:19,(anonymous_1)
FNF:2
FNH:2
FNDA:1,(anonymous_0)
FNDA:1,(anonymous_1)
DA:1,1
DA:2,1
DA:19,1
DA:20,1
DA:26,1
LF:5
LH:5
BRF:0
BRH:0
end_of_record
TN:
SF:backend\models\index.js
FN:17,(anonymous_0)
FN:20,(anonymous_1)
FN:25,(anonymous_2)
FNF:3
FNH:3
FNDA:4,(anonymous_0)
FNDA:2,(anonymous_1)
FNDA:2,(anonymous_2)
DA:1,1
DA:2,1
DA:3,1
DA:4,1
DA:5,1
DA:6,1
DA:7,1
DA:10,1
DA:11,0
DA:13,1
DA:16,1
DA:18,4
DA:21,2
DA:22,2
DA:25,1
DA:26,2
DA:27,2
DA:31,1
DA:32,1
DA:34,1
LF:20
LH:19
BRDA:5,0,0,1
BRDA:5,0,1,0
BRDA:10,1,0,0
BRDA:10,1,1,1
BRDA:18,2,0,4
BRDA:18,2,1,4
BRDA:18,2,2,3
BRDA:26,3,0,2
BRDA:26,3,1,0
BRF:9
BRH:6
end_of_record
TN:
SF:backend\routes\block.routes.js
FNF:0
FNH:0
DA:1,1
DA:2,1
DA:4,1
DA:6,1
DA:7,1
DA:9,1
LF:6
LH:6
BRF:0
BRH:0
end_of_record
TN:
SF:backend\routes\file.routes.js
FN:7,(anonymous_0)
FN:10,(anonymous_1)
FN:18,(anonymous_2)
FNF:3
FNH:0
FNDA:0,(anonymous_0)
FNDA:0,(anonymous_1)
FNDA:0,(anonymous_2)
DA:1,1
DA:2,1
DA:3,1
DA:4,1
DA:6,1
DA:8,0
DA:11,0
DA:12,0
DA:16,1
DA:19,0
DA:20,0
DA:22,0
DA:27,1
DA:29,1
DA:30,1
DA:32,1
LF:16
LH:10
BRDA:19,0,0,0
BRDA:19,0,1,0
BRDA:19,1,0,0
BRDA:19,1,1,0
BRF:4
BRH:0
end_of_record
TN:
SF:backend\services\dxfParser.service.js
FN:5,(anonymous_0)
FN:6,(anonymous_1)
FN:7,(anonymous_2)
FN:23,(anonymous_3)
FN:26,(anonymous_4)
FNF:5
FNH:5
FNDA:2,(anonymous_0)
FNDA:2,(anonymous_1)
FNDA:2,(anonymous_2)
FNDA:2,(anonymous_3)
FNDA:1,(anonymous_4)
DA:1,2
DA:2,2
DA:6,2
DA:7,2
DA:8,2
DA:9,0
DA:12,2
DA:13,2
DA:14,2
DA:15,0
DA:17,2
DA:24,2
DA:26,1
DA:28,1
DA:29,1
DA:30,1
DA:31,1
DA:32,1
DA:33,1
DA:34,1
DA:35,0
DA:36,0
DA:37,0
DA:38,0
DA:42,1
DA:57,2
LF:26
LH:20
BRDA:8,0,0,0
BRDA:8,0,1,2
BRDA:24,1,0,1
BRDA:24,1,1,1
BRDA:24,2,0,2
BRDA:24,2,1,2
BRDA:29,3,0,1
BRDA:29,3,1,0
BRDA:29,4,0,1
BRDA:29,4,1,1
BRDA:31,5,0,1
BRDA:31,5,1,0
BRDA:31,6,0,1
BRDA:31,6,1,1
BRDA:34,7,0,1
BRDA:34,7,1,0
BRDA:35,8,0,0
BRDA:35,8,1,0
BRDA:38,9,0,0
BRDA:38,9,1,0
BRDA:44,10,0,1
BRDA:44,10,1,0
BRDA:45,11,0,1
BRDA:45,11,1,0
BRDA:50,12,0,1
BRDA:50,12,1,0
BRF:26
BRH:15
end_of_record
